# JRE version: Java(TM) SE Runtime Environment (17.0.12+8) (build 17.0.12+8-LTS-286)
# Java VM: Java HotSpot(TM) 64-Bit Server VM (17.0.12+8-LTS-286, mixed mode, sharing, tiered, compressed oops, compressed class ptrs, g1 gc, windows-amd64)
GC Precious Log:
 CPUs: 4 total, 4 available
 Memory: 3986M
 Large Page Support: Disabled
 NUMA Support: Disabled
 Compressed Oops: Enabled (32-bit)
 Heap Region Size: 1M
 Heap Min Capacity: 8M
 Heap Initial Capacity: 64M
 Heap Max Capacity: 998M
 Pre-touch: Disabled
 Parallel Workers: 4
 Concurrent Workers: 1
 Concurrent Refinement Workers: 4
 Periodic GC: Disabled
Heap:
 garbage-first heap   total 66560K, used 33981K [0x00000000c1a00000, 0x0000000100000000)
  region size 1024K, 15 young (15360K), 1 survivors (1024K)
 Metaspace       used 38251K, committed 38656K, reserved 1114112K
  class space    used 5309K, committed 5504K, reserved 1048576K
GC Heap History (18 events):
Event: 1.050 GC heap before
{Heap before GC invocations=0 (full 0):
 garbage-first heap   total 65536K, used 14336K [0x00000000c1a00000, 0x0000000100000000)
  region size 1024K, 13 young (13312K), 0 survivors (0K)
 Metaspace       used 2388K, committed 2560K, reserved 1114112K
  class space    used 231K, committed 320K, reserved 1048576K
}
Event: 1.064 GC heap after
{Heap after GC invocations=1 (full 0):
 garbage-first heap   total 65536K, used 8828K [0x00000000c1a00000, 0x0000000100000000)
  region size 1024K, 2 young (2048K), 2 survivors (2048K)
 Metaspace       used 2388K, committed 2560K, reserved 1114112K
  class space    used 231K, committed 320K, reserved 1048576K
}
Event: 1.878 GC heap before
{Heap before GC invocations=1 (full 0):
 garbage-first heap   total 65536K, used 14972K [0x00000000c1a00000, 0x0000000100000000)
  region size 1024K, 8 young (8192K), 2 survivors (2048K)
 Metaspace       used 4021K, committed 4224K, reserved 1114112K
  class space    used 444K, committed 576K, reserved 1048576K
}
Event: 1.885 GC heap after
{Heap after GC invocations=2 (full 0):
 garbage-first heap   total 65536K, used 9348K [0x00000000c1a00000, 0x0000000100000000)
  region size 1024K, 1 young (1024K), 1 survivors (1024K)
 Metaspace       used 4021K, committed 4224K, reserved 1114112K
  class space    used 444K, committed 576K, reserved 1048576K
}
Event: 4.019 GC heap before
{Heap before GC invocations=2 (full 0):
 garbage-first heap   total 65536K, used 28804K [0x00000000c1a00000, 0x0000000100000000)
  region size 1024K, 20 young (20480K), 1 survivors (1024K)
 Metaspace       used 8872K, committed 9088K, reserved 1114112K
  class space    used 1113K, committed 1216K, reserved 1048576K
}
Event: 4.027 GC heap after
{Heap after GC invocations=3 (full 0):
 garbage-first heap   total 65536K, used 10775K [0x00000000c1a00000, 0x0000000100000000)
  region size 1024K, 2 young (2048K), 2 survivors (2048K)
 Metaspace       used 8872K, committed 9088K, reserved 1114112K
  class space    used 1113K, committed 1216K, reserved 1048576K
}
Event: 6.590 GC heap before
{Heap before GC invocations=3 (full 0):
 garbage-first heap   total 65536K, used 41495K [0x00000000c1a00000, 0x0000000100000000)
  region size 1024K, 32 young (32768K), 2 survivors (2048K)
 Metaspace       used 15931K, committed 16256K, reserved 1114112K
  class space    used 2155K, committed 2304K, reserved 1048576K
}
Event: 6.604 GC heap after
{Heap after GC invocations=4 (full 0):
 garbage-first heap   total 65536K, used 12882K [0x00000000c1a00000, 0x0000000100000000)
  region size 1024K, 4 young (4096K), 4 survivors (4096K)
 Metaspace       used 15931K, committed 16256K, reserved 1114112K
  class space    used 2155K, committed 2304K, reserved 1048576K
}
Event: 7.928 GC heap before
{Heap before GC invocations=4 (full 0):
 garbage-first heap   total 65536K, used 39506K [0x00000000c1a00000, 0x0000000100000000)
  region size 1024K, 32 young (32768K), 4 survivors (4096K)
 Metaspace       used 21202K, committed 21504K, reserved 1114112K
  class space    used 2876K, committed 3008K, reserved 1048576K
}
Event: 7.940 GC heap after
{Heap after GC invocations=5 (full 0):
 garbage-first heap   total 65536K, used 14703K [0x00000000c1a00000, 0x0000000100000000)
  region size 1024K, 4 young (4096K), 4 survivors (4096K)
 Metaspace       used 21202K, committed 21504K, reserved 1114112K
  class space    used 2876K, committed 3008K, reserved 1048576K
}
Event: 9.295 GC heap before
{Heap before GC invocations=6 (full 0):
 garbage-first heap   total 55296K, used 42351K [0x00000000c1a00000, 0x0000000100000000)
  region size 1024K, 32 young (32768K), 4 survivors (4096K)
 Metaspace       used 25801K, committed 26112K, reserved 1114112K
  class space    used 3472K, committed 3648K, reserved 1048576K
}
Event: 9.309 GC heap after
{Heap after GC invocations=7 (full 0):
 garbage-first heap   total 55296K, used 16950K [0x00000000c1a00000, 0x0000000100000000)
  region size 1024K, 4 young (4096K), 4 survivors (4096K)
 Metaspace       used 25801K, committed 26112K, reserved 1114112K
  class space    used 3472K, committed 3648K, reserved 1048576K
}
Event: 10.367 GC heap before
{Heap before GC invocations=7 (full 0):
 garbage-first heap   total 55296K, used 38454K [0x00000000c1a00000, 0x0000000100000000)
  region size 1024K, 25 young (25600K), 4 survivors (4096K)
 Metaspace       used 28871K, committed 29248K, reserved 1114112K
  class space    used 3887K, committed 4032K, reserved 1048576K
}
Event: 10.382 GC heap after
{Heap after GC invocations=8 (full 0):
 garbage-first heap   total 55296K, used 18500K [0x00000000c1a00000, 0x0000000100000000)
  region size 1024K, 2 young (2048K), 2 survivors (2048K)
 Metaspace       used 28871K, committed 29248K, reserved 1114112K
  class space    used 3887K, committed 4032K, reserved 1048576K
}
Event: 11.798 GC heap before
{Heap before GC invocations=8 (full 0):
 garbage-first heap   total 55296K, used 38980K [0x00000000c1a00000, 0x0000000100000000)
  region size 1024K, 23 young (23552K), 2 survivors (2048K)
 Metaspace       used 32177K, committed 32576K, reserved 1114112K
  class space    used 4372K, committed 4544K, reserved 1048576K
}
Event: 11.815 GC heap after
{Heap after GC invocations=9 (full 0):
 garbage-first heap   total 55296K, used 20881K [0x00000000c1a00000, 0x0000000100000000)
  region size 1024K, 3 young (3072K), 3 survivors (3072K)
 Metaspace       used 32177K, committed 32576K, reserved 1114112K
  class space    used 4372K, committed 4544K, reserved 1048576K
}
Event: 13.084 GC heap before
{Heap before GC invocations=9 (full 0):
 garbage-first heap   total 55296K, used 35217K [0x00000000c1a00000, 0x0000000100000000)
  region size 1024K, 18 young (18432K), 3 survivors (3072K)
 Metaspace       used 35516K, committed 35968K, reserved 1114112K
  class space    used 4824K, committed 5056K, reserved 1048576K
}
Event: 13.101 GC heap after
{Heap after GC invocations=10 (full 0):
 garbage-first heap   total 66560K, used 21693K [0x00000000c1a00000, 0x0000000100000000)
  region size 1024K, 1 young (1024K), 1 survivors (1024K)
 Metaspace       used 35516K, committed 35968K, reserved 1114112K
  class space    used 4824K, committed 5056K, reserved 1048576K
}

